19:19:51.604 [main] DEBUG com.intuit.karate.Suite - [config] classpath:karate-config.js
19:19:51.617 [main] DEBUG com.intuit.karate.Suite - waiting for 2 features to complete
19:19:53.714 [pool-2-thread-3] INFO  com.intuit.karate - karate.env system property was: null 
19:19:53.714 [pool-2-thread-2] INFO  com.intuit.karate - karate.env system property was: null 
19:19:53.714 [pool-2-thread-1] INFO  com.intuit.karate - karate.env system property was: null 
19:19:54.394 [pool-2-thread-2] DEBUG com.intuit.karate - request:
1 > GET https://jsonplaceholder.typicode.com/users
1 > Host: jsonplaceholder.typicode.com
1 > Connection: Keep-Alive
1 > User-Agent: Apache-HttpClient/4.5.14 (Java/22.0.1)
1 > Accept-Encoding: gzip,deflate


19:19:54.394 [pool-2-thread-1] DEBUG com.intuit.karate - request:
1 > POST https://gorest.co.in/public/v2/users
1 > Authorization: Bearer 745c09bfae4b59be277127c6293025735cf3aba5e2870fcdbef4bfd3b8fb9a4a
1 > Content-Type: application/json; charset=UTF-8
1 > Content-Length: 96
1 > Host: gorest.co.in
1 > Connection: Keep-Alive
1 > User-Agent: Apache-HttpClient/4.5.14 (Java/22.0.1)
1 > Accept-Encoding: gzip,deflate
{"name":"Tenali Ramakrishna","gender":"male","email":"tenali.test13@15ce.com","status":"active"}

19:19:54.395 [pool-2-thread-3] DEBUG com.intuit.karate - request:
1 > POST https://jsonplaceholder.typicode.com/users
1 > Content-Type: application/json; charset=UTF-8
1 > Content-Length: 160
1 > Host: jsonplaceholder.typicode.com
1 > Connection: Keep-Alive
1 > User-Agent: Apache-HttpClient/4.5.14 (Java/22.0.1)
1 > Accept-Encoding: gzip,deflate
{"name":"Test User","username":"testuser","email":"test@user.com","address":{"street":"Has No Name","suite":"Apt. 123","city":"Electri","zipcode":"54321-6789"}}

19:19:54.993 [pool-2-thread-2] DEBUG com.intuit.karate - response time in milliseconds: 593
1 < 200
1 < Date: Wed, 21 Aug 2024 12:19:55 GMT
1 < Content-Type: application/json; charset=utf-8
1 < Transfer-Encoding: chunked
1 < Connection: keep-alive
1 < Report-To: {"group":"heroku-nel","max_age":3600,"endpoints":[{"url":"https://nel.heroku.com/reports?ts=1713267004&sid=e11707d5-02a7-43ef-b45e-2cf4d2036f7d&s=eX6AN%2Byt64CtCiweb6pYA%2BEmyh%2Bi7dxe%2BVh0d8YMSvQ%3D"}]}
1 < Reporting-Endpoints: heroku-nel=https://nel.heroku.com/reports?ts=1713267004&sid=e11707d5-02a7-43ef-b45e-2cf4d2036f7d&s=eX6AN%2Byt64CtCiweb6pYA%2BEmyh%2Bi7dxe%2BVh0d8YMSvQ%3D
1 < Nel: {"report_to":"heroku-nel","max_age":3600,"success_fraction":0.005,"failure_fraction":0.05,"response_headers":["Via"]}
1 < X-Powered-By: Express
1 < X-Ratelimit-Limit: 1000
1 < X-Ratelimit-Remaining: 999
1 < X-Ratelimit-Reset: 1713267052
1 < Vary: Origin, Accept-Encoding
1 < Access-Control-Allow-Credentials: true
1 < Cache-Control: max-age=43200
1 < Pragma: no-cache
1 < Expires: -1
1 < X-Content-Type-Options: nosniff
1 < Etag: W/"160d-1eMSsxeJRfnVLRBmYJSbCiJZ1qQ"
1 < Via: 1.1 vegur
1 < CF-Cache-Status: HIT
1 < Age: 20315
1 < Server: cloudflare
1 < CF-RAY: 8b6a92fe0a3591cc-SIN
1 < alt-svc: h3=":443"; ma=86400
[
  {
    "id": 1,
    "name": "Leanne Graham",
    "username": "Bret",
    "email": "Sincere@april.biz",
    "address": {
      "street": "Kulas Light",
      "suite": "Apt. 556",
      "city": "Gwenborough",
      "zipcode": "92998-3874",
      "geo": {
        "lat": "-37.3159",
        "lng": "81.1496"
      }
    },
    "phone": "1-770-736-8031 x56442",
    "website": "hildegard.org",
    "company": {
      "name": "Romaguera-Crona",
      "catchPhrase": "Multi-layered client-server neural-net",
      "bs": "harness real-time e-markets"
    }
  },
  {
    "id": 2,
    "name": "Ervin Howell",
    "username": "Antonette",
    "email": "Shanna@melissa.tv",
    "address": {
      "street": "Victor Plains",
      "suite": "Suite 879",
      "city": "Wisokyburgh",
      "zipcode": "90566-7771",
      "geo": {
        "lat": "-43.9509",
        "lng": "-34.4618"
      }
    },
    "phone": "010-692-6593 x09125",
    "website": "anastasia.net",
    "company": {
      "name": "Deckow-Crist",
      "catchPhrase": "Proactive didactic contingency",
      "bs": "synergize scalable supply-chains"
    }
  },
  {
    "id": 3,
    "name": "Clementine Bauch",
    "username": "Samantha",
    "email": "Nathan@yesenia.net",
    "address": {
      "street": "Douglas Extension",
      "suite": "Suite 847",
      "city": "McKenziehaven",
      "zipcode": "59590-4157",
      "geo": {
        "lat": "-68.6102",
        "lng": "-47.0653"
      }
    },
    "phone": "1-463-123-4447",
    "website": "ramiro.info",
    "company": {
      "name": "Romaguera-Jacobson",
      "catchPhrase": "Face to face bifurcated interface",
      "bs": "e-enable strategic applications"
    }
  },
  {
    "id": 4,
    "name": "Patricia Lebsack",
    "username": "Karianne",
    "email": "Julianne.OConner@kory.org",
    "address": {
      "street": "Hoeger Mall",
      "suite": "Apt. 692",
      "city": "South Elvis",
      "zipcode": "53919-4257",
      "geo": {
        "lat": "29.4572",
        "lng": "-164.2990"
      }
    },
    "phone": "493-170-9623 x156",
    "website": "kale.biz",
    "company": {
      "name": "Robel-Corkery",
      "catchPhrase": "Multi-tiered zero tolerance productivity",
      "bs": "transition cutting-edge web services"
    }
  },
  {
    "id": 5,
    "name": "Chelsey Dietrich",
    "username": "Kamren",
    "email": "Lucio_Hettinger@annie.ca",
    "address": {
      "street": "Skiles Walks",
      "suite": "Suite 351",
      "city": "Roscoeview",
      "zipcode": "33263",
      "geo": {
        "lat": "-31.8129",
        "lng": "62.5342"
      }
    },
    "phone": "(254)954-1289",
    "website": "demarco.info",
    "company": {
      "name": "Keebler LLC",
      "catchPhrase": "User-centric fault-tolerant solution",
      "bs": "revolutionize end-to-end systems"
    }
  },
  {
    "id": 6,
    "name": "Mrs. Dennis Schulist",
    "username": "Leopoldo_Corkery",
    "email": "Karley_Dach@jasper.info",
    "address": {
      "street": "Norberto Crossing",
      "suite": "Apt. 950",
      "city": "South Christy",
      "zipcode": "23505-1337",
      "geo": {
        "lat": "-71.4197",
        "lng": "71.7478"
      }
    },
    "phone": "1-477-935-8478 x6430",
    "website": "ola.org",
    "company": {
      "name": "Considine-Lockman",
      "catchPhrase": "Synchronised bottom-line interface",
      "bs": "e-enable innovative applications"
    }
  },
  {
    "id": 7,
    "name": "Kurtis Weissnat",
    "username": "Elwyn.Skiles",
    "email": "Telly.Hoeger@billy.biz",
    "address": {
      "street": "Rex Trail",
      "suite": "Suite 280",
      "city": "Howemouth",
      "zipcode": "58804-1099",
      "geo": {
        "lat": "24.8918",
        "lng": "21.8984"
      }
    },
    "phone": "210.067.6132",
    "website": "elvis.io",
    "company": {
      "name": "Johns Group",
      "catchPhrase": "Configurable multimedia task-force",
      "bs": "generate enterprise e-tailers"
    }
  },
  {
    "id": 8,
    "name": "Nicholas Runolfsdottir V",
    "username": "Maxime_Nienow",
    "email": "Sherwood@rosamond.me",
    "address": {
      "street": "Ellsworth Summit",
      "suite": "Suite 729",
      "city": "Aliyaview",
      "zipcode": "45169",
      "geo": {
        "lat": "-14.3990",
        "lng": "-120.7677"
      }
    },
    "phone": "586.493.6943 x140",
    "website": "jacynthe.com",
    "company": {
      "name": "Abernathy Group",
      "catchPhrase": "Implemented secondary concept",
      "bs": "e-enable extensible e-tailers"
    }
  },
  {
    "id": 9,
    "name": "Glenna Reichert",
    "username": "Delphine",
    "email": "Chaim_McDermott@dana.io",
    "address": {
      "street": "Dayna Park",
      "suite": "Suite 449",
      "city": "Bartholomebury",
      "zipcode": "76495-3109",
      "geo": {
        "lat": "24.6463",
        "lng": "-168.8889"
      }
    },
    "phone": "(775)976-6794 x41206",
    "website": "conrad.com",
    "company": {
      "name": "Yost and Sons",
      "catchPhrase": "Switchable contextually-based project",
      "bs": "aggregate real-time technologies"
    }
  },
  {
    "id": 10,
    "name": "Clementina DuBuque",
    "username": "Moriah.Stanton",
    "email": "Rey.Padberg@karina.biz",
    "address": {
      "street": "Kattie Turnpike",
      "suite": "Suite 198",
      "city": "Lebsackbury",
      "zipcode": "31428-2261",
      "geo": {
        "lat": "-38.2386",
        "lng": "57.2232"
      }
    },
    "phone": "024-648-3804",
    "website": "ambrose.net",
    "company": {
      "name": "Hoeger LLC",
      "catchPhrase": "Centralized empowering task-force",
      "bs": "target end-to-end models"
    }
  }
]

19:19:55.061 [pool-2-thread-2] DEBUG com.intuit.karate - request:
2 > GET https://jsonplaceholder.typicode.com/users/1
2 > Host: jsonplaceholder.typicode.com
2 > Connection: Keep-Alive
2 > User-Agent: Apache-HttpClient/4.5.14 (Java/22.0.1)
2 > Accept-Encoding: gzip,deflate


19:19:55.169 [pool-2-thread-1] DEBUG com.intuit.karate - response time in milliseconds: 773
1 < 201
1 < Date: Wed, 21 Aug 2024 12:19:55 GMT
1 < Content-Type: application/json; charset=utf-8
1 < Content-Length: 109
1 < Connection: keep-alive
1 < Cache-Control: max-age=0, private, must-revalidate
1 < etag: W/"c692718b220ea42cfd3af1d2a65b17fe"
1 < location: https://gorest.co.in/public/v2/users/7356124
1 < referrer-policy: strict-origin-when-cross-origin
1 < vary: Origin
1 < x-content-type-options: nosniff
1 < x-download-options: noopen
1 < x-frame-options: SAMEORIGIN
1 < x-permitted-cross-domain-policies: none
1 < x-ratelimit-limit: 90
1 < x-ratelimit-remaining: 86
1 < x-ratelimit-reset: 1
1 < x-request-id: 31596c3f-e605-48ac-9d62-86327db97fa2
1 < x-runtime: 0.106655
1 < x-xss-protection: 0
1 < CF-Cache-Status: DYNAMIC
1 < Report-To: {"endpoints":[{"url":"https:\/\/a.nel.cloudflare.com\/report\/v4?s=eVMbLdyM3VHNUFrAVFXTJ0W4B71nsywuYAwdO1jJ10bIpb5kd4rpR0tKkHQIsPempPZtG9cS4h%2FfGVaY8h6NGEE80bZRCO%2B26P8WLzb3B%2Bn3ZhpssPgFbt3Z1FAuuVY%3D"}],"group":"cf-nel","max_age":604800}
1 < NEL: {"success_fraction":0,"report_to":"cf-nel","max_age":604800}
1 < Server: cloudflare
1 < CF-RAY: 8b6a92fe0d49ce5d-SIN
1 < alt-svc: h3=":443"; ma=86400
{"id":7356124,"name":"Tenali Ramakrishna","email":"tenali.test13@15ce.com","gender":"male","status":"active"}

19:19:55.173 [pool-2-thread-2] DEBUG com.intuit.karate - response time in milliseconds: 111
2 < 200
2 < Date: Wed, 21 Aug 2024 12:19:55 GMT
2 < Content-Type: application/json; charset=utf-8
2 < Transfer-Encoding: chunked
2 < Connection: keep-alive
2 < Report-To: {"group":"heroku-nel","max_age":3600,"endpoints":[{"url":"https://nel.heroku.com/reports?ts=1718600637&sid=e11707d5-02a7-43ef-b45e-2cf4d2036f7d&s=uB1VlRxHXSI3q%2FXdYYaXf5Nigqtqc49x4273wN5rywg%3D"}]}
2 < Reporting-Endpoints: heroku-nel=https://nel.heroku.com/reports?ts=1718600637&sid=e11707d5-02a7-43ef-b45e-2cf4d2036f7d&s=uB1VlRxHXSI3q%2FXdYYaXf5Nigqtqc49x4273wN5rywg%3D
2 < Nel: {"report_to":"heroku-nel","max_age":3600,"success_fraction":0.005,"failure_fraction":0.05,"response_headers":["Via"]}
2 < X-Powered-By: Express
2 < X-Ratelimit-Limit: 1000
2 < X-Ratelimit-Remaining: 998
2 < X-Ratelimit-Reset: 1718600642
2 < Vary: Origin, Accept-Encoding
2 < Access-Control-Allow-Credentials: true
2 < Cache-Control: max-age=43200
2 < Pragma: no-cache
2 < Expires: -1
2 < X-Content-Type-Options: nosniff
2 < Etag: W/"1fd-+2Y3G3w049iSZtw5t1mzSnunngE"
2 < Via: 1.1 vegur
2 < CF-Cache-Status: HIT
2 < Age: 25388
2 < Server: cloudflare
2 < CF-RAY: 8b6a92ff2f1f5fe6-SIN
2 < alt-svc: h3=":443"; ma=86400
{
  "id": 1,
  "name": "Leanne Graham",
  "username": "Bret",
  "email": "Sincere@april.biz",
  "address": {
    "street": "Kulas Light",
    "suite": "Apt. 556",
    "city": "Gwenborough",
    "zipcode": "92998-3874",
    "geo": {
      "lat": "-37.3159",
      "lng": "81.1496"
    }
  },
  "phone": "1-770-736-8031 x56442",
  "website": "hildegard.org",
  "company": {
    "name": "Romaguera-Crona",
    "catchPhrase": "Multi-layered client-server neural-net",
    "bs": "harness real-time e-markets"
  }
}

19:19:55.209 [pool-2-thread-1] DEBUG com.intuit.karate - request:
2 > GET https://gorest.co.in/public/v2/users/7356124
2 > Authorization: Bearer 745c09bfae4b59be277127c6293025735cf3aba5e2870fcdbef4bfd3b8fb9a4a
2 > Host: gorest.co.in
2 > Connection: Keep-Alive
2 > User-Agent: Apache-HttpClient/4.5.14 (Java/22.0.1)
2 > Accept-Encoding: gzip,deflate


19:19:55.746 [pool-2-thread-3] DEBUG com.intuit.karate - response time in milliseconds: 1348
1 < 201
1 < Date: Wed, 21 Aug 2024 12:19:55 GMT
1 < Content-Type: application/json; charset=utf-8
1 < Content-Length: 216
1 < Connection: keep-alive
1 < Report-To: {"group":"heroku-nel","max_age":3600,"endpoints":[{"url":"https://nel.heroku.com/reports?ts=1724242795&sid=e11707d5-02a7-43ef-b45e-2cf4d2036f7d&s=vzs6nT6vHr6lsNLXTKsBKIWifgsNna0wAHO3%2F4JluwE%3D"}]}
1 < Reporting-Endpoints: heroku-nel=https://nel.heroku.com/reports?ts=1724242795&sid=e11707d5-02a7-43ef-b45e-2cf4d2036f7d&s=vzs6nT6vHr6lsNLXTKsBKIWifgsNna0wAHO3%2F4JluwE%3D
1 < Nel: {"report_to":"heroku-nel","max_age":3600,"success_fraction":0.005,"failure_fraction":0.05,"response_headers":["Via"]}
1 < X-Powered-By: Express
1 < X-Ratelimit-Limit: 1000
1 < X-Ratelimit-Remaining: 999
1 < X-Ratelimit-Reset: 1724242817
1 < Vary: Origin, X-HTTP-Method-Override, Accept-Encoding
1 < Access-Control-Allow-Credentials: true
1 < Cache-Control: no-cache
1 < Pragma: no-cache
1 < Expires: -1
1 < Access-Control-Expose-Headers: Location
1 < Location: https://jsonplaceholder.typicode.com/users/11
1 < X-Content-Type-Options: nosniff
1 < Etag: W/"d8-pYV7+YuMGP2hxHPU9ARrf97ifDA"
1 < Via: 1.1 vegur
1 < CF-Cache-Status: DYNAMIC
1 < Server: cloudflare
1 < CF-RAY: 8b6a92fe0f3da8e3-SIN
1 < alt-svc: h3=":443"; ma=86400
{
  "name": "Test User",
  "username": "testuser",
  "email": "test@user.com",
  "address": {
    "street": "Has No Name",
    "suite": "Apt. 123",
    "city": "Electri",
    "zipcode": "54321-6789"
  },
  "id": 11
}

19:19:55.769 [pool-2-thread-3] INFO  com.intuit.karate - [print] created id is:  11 
19:19:55.992 [pool-2-thread-1] DEBUG com.intuit.karate - response time in milliseconds: 779
2 < 200
2 < Date: Wed, 21 Aug 2024 12:19:56 GMT
2 < Content-Type: application/json; charset=utf-8
2 < Transfer-Encoding: chunked
2 < Connection: keep-alive
2 < Cache-Control: max-age=0, private, must-revalidate
2 < etag: W/"c692718b220ea42cfd3af1d2a65b17fe"
2 < referrer-policy: strict-origin-when-cross-origin
2 < vary: Origin
2 < x-content-type-options: nosniff
2 < x-download-options: noopen
2 < x-frame-options: SAMEORIGIN
2 < x-permitted-cross-domain-policies: none
2 < x-ratelimit-limit: 90
2 < x-ratelimit-remaining: 89
2 < x-ratelimit-reset: 1
2 < x-request-id: d83f6e52-a2f7-43b3-bae9-3b2a129524ab
2 < x-runtime: 0.118058
2 < x-xss-protection: 0
2 < CF-Cache-Status: DYNAMIC
2 < Report-To: {"endpoints":[{"url":"https:\/\/a.nel.cloudflare.com\/report\/v4?s=nX8Q1piOUuZwFTMQ68OMDkZIFOOVIOopzSuCV%2FtpLEOvuxDk0VJTfVUlz4t0Ko10HpNL%2BOz16Ig3MUZj7ICDIRgwVdhcLcSzcNVW26%2BMF7IxaUmZ4OfizyLg2smX1e8%3D"}],"group":"cf-nel","max_age":604800}
2 < NEL: {"success_fraction":0,"report_to":"cf-nel","max_age":604800}
2 < Server: cloudflare
2 < CF-RAY: 8b6a93004938a3d5-SIN
2 < alt-svc: h3=":443"; ma=86400
{"id":7356124,"name":"Tenali Ramakrishna","email":"tenali.test13@15ce.com","gender":"male","status":"active"}

19:19:56.016 [pool-2-thread-1] DEBUG com.intuit.karate - request:
3 > PATCH https://gorest.co.in/public/v2/users/7356124
3 > Authorization: Bearer 745c09bfae4b59be277127c6293025735cf3aba5e2870fcdbef4bfd3b8fb9a4a
3 > Content-Type: application/json; charset=UTF-8
3 > Content-Length: 110
3 > Host: gorest.co.in
3 > Connection: Keep-Alive
3 > User-Agent: Apache-HttpClient/4.5.14 (Java/22.0.1)
3 > Accept-Encoding: gzip,deflate
{"name":"Update Tenali Ramakrishna","gender":"female","email":"tenali.test-update@15ce.com","status":"active"}

19:19:57.091 [pool-2-thread-1] DEBUG com.intuit.karate - response time in milliseconds: 1071
3 < 200
3 < Date: Wed, 21 Aug 2024 12:19:57 GMT
3 < Content-Type: application/json; charset=utf-8
3 < Transfer-Encoding: chunked
3 < Connection: keep-alive
3 < Cache-Control: max-age=0, private, must-revalidate
3 < etag: W/"2f3c85c869e42293976e14bc7b1a2978"
3 < referrer-policy: strict-origin-when-cross-origin
3 < vary: Origin
3 < x-content-type-options: nosniff
3 < x-download-options: noopen
3 < x-frame-options: SAMEORIGIN
3 < x-permitted-cross-domain-policies: none
3 < x-ratelimit-limit: 90
3 < x-ratelimit-remaining: 89
3 < x-ratelimit-reset: 1
3 < x-request-id: a62f797b-66c0-4c38-8654-7fae08b02f70
3 < x-runtime: 0.150262
3 < x-xss-protection: 0
3 < CF-Cache-Status: DYNAMIC
3 < Report-To: {"endpoints":[{"url":"https:\/\/a.nel.cloudflare.com\/report\/v4?s=XtEbqlmL3am%2BK0JOINJrR3PEQgue9opEyb%2FBrvC3oElZES8%2F79bigxz4zgULqUVitHTi44yY57bdb5mndqnD4bkT%2B88eC8Eb74JCS%2BzEP5g51nfSn4WxvIFw8OYlMcA%3D"}],"group":"cf-nel","max_age":604800}
3 < NEL: {"success_fraction":0,"report_to":"cf-nel","max_age":604800}
3 < Server: cloudflare
3 < CF-RAY: 8b6a93053c846017-SIN
3 < alt-svc: h3=":443"; ma=86400
{"email":"tenali.test-update@15ce.com","name":"Update Tenali Ramakrishna","gender":"female","status":"active","id":7356124}

19:19:57.118 [pool-2-thread-1] DEBUG com.intuit.karate - request:
4 > DELETE https://gorest.co.in/public/v2/users/7356124
4 > Authorization: Bearer 745c09bfae4b59be277127c6293025735cf3aba5e2870fcdbef4bfd3b8fb9a4a
4 > Host: gorest.co.in
4 > Connection: Keep-Alive
4 > User-Agent: Apache-HttpClient/4.5.14 (Java/22.0.1)
4 > Accept-Encoding: gzip,deflate


19:19:57.667 [pool-2-thread-1] DEBUG com.intuit.karate - response time in milliseconds: 544
4 < 204
4 < Date: Wed, 21 Aug 2024 12:19:57 GMT
4 < Connection: keep-alive
4 < Cache-Control: no-cache
4 < referrer-policy: strict-origin-when-cross-origin
4 < vary: Origin
4 < x-content-type-options: nosniff
4 < x-download-options: noopen
4 < x-frame-options: SAMEORIGIN
4 < x-permitted-cross-domain-policies: none
4 < x-ratelimit-limit: 90
4 < x-ratelimit-remaining: 89
4 < x-ratelimit-reset: 2
4 < x-request-id: dc339ed9-f4c2-4bff-83fc-9e53089dc5df
4 < x-runtime: 0.185182
4 < x-xss-protection: 0
4 < CF-Cache-Status: DYNAMIC
4 < Report-To: {"endpoints":[{"url":"https:\/\/a.nel.cloudflare.com\/report\/v4?s=dRxnx5aVw0tuKrEtarpZ1wkG8D%2BQNAKyqo%2BTo3DzmC6vNfREXwEEsvDQRNdI5j9ofMrESvlX5NlpRq46DUtbbxLfNpyEHVsG%2F63gnxDa4pb8Cu26tyzi6%2Fxs%2FKqL%2FKM%3D"}],"group":"cf-nel","max_age":604800}
4 < NEL: {"success_fraction":0,"report_to":"cf-nel","max_age":604800}
4 < Server: cloudflare
4 < CF-RAY: 8b6a930c1a713d8f-SIN
4 < alt-svc: h3=":443"; ma=86400


19:19:58.772 [pool-3-thread-1] INFO  com.intuit.karate.Suite - <<pass>> feature 1 of 2 (1 remaining) classpath:examples/users/test.feature
19:19:58.972 [pool-3-thread-1] INFO  com.intuit.karate.Suite - <<pass>> feature 2 of 2 (0 remaining) classpath:examples/users/users.feature
19:32:44.958 [main] DEBUG com.intuit.karate.Suite - [config] classpath:karate-config.js
19:32:44.969 [main] INFO  com.intuit.karate.Suite - backed up existing 'target\karate-reports' dir to: target\karate-reports_1724243564965
19:32:44.979 [main] DEBUG com.intuit.karate.Suite - waiting for 2 features to complete
19:32:47.014 [pool-2-thread-2] INFO  com.intuit.karate - karate.env system property was: null 
19:32:47.015 [pool-2-thread-1] INFO  com.intuit.karate - karate.env system property was: null 
19:32:47.014 [pool-2-thread-3] INFO  com.intuit.karate - karate.env system property was: null 
19:32:47.665 [pool-2-thread-2] DEBUG com.intuit.karate - request:
1 > GET https://jsonplaceholder.typicode.com/users
1 > Host: jsonplaceholder.typicode.com
1 > Connection: Keep-Alive
1 > User-Agent: Apache-HttpClient/4.5.14 (Java/22.0.1)
1 > Accept-Encoding: gzip,deflate


19:32:47.666 [pool-2-thread-3] DEBUG com.intuit.karate - request:
1 > POST https://jsonplaceholder.typicode.com/users
1 > Content-Type: application/json; charset=UTF-8
1 > Content-Length: 160
1 > Host: jsonplaceholder.typicode.com
1 > Connection: Keep-Alive
1 > User-Agent: Apache-HttpClient/4.5.14 (Java/22.0.1)
1 > Accept-Encoding: gzip,deflate
{"name":"Test User","username":"testuser","email":"test@user.com","address":{"street":"Has No Name","suite":"Apt. 123","city":"Electri","zipcode":"54321-6789"}}

19:32:47.666 [pool-2-thread-1] DEBUG com.intuit.karate - request:
1 > POST https://gorest.co.in/public/v2/users
1 > Authorization: Bearer 745c09bfae4b59be277127c6293025735cf3aba5e2870fcdbef4bfd3b8fb9a4a
1 > Content-Type: application/json; charset=UTF-8
1 > Content-Length: 96
1 > Host: gorest.co.in
1 > Connection: Keep-Alive
1 > User-Agent: Apache-HttpClient/4.5.14 (Java/22.0.1)
1 > Accept-Encoding: gzip,deflate
{"name":"Tenali Ramakrishna","gender":"male","email":"tenali.test13@15ce.com","status":"active"}

19:32:48.364 [pool-2-thread-2] DEBUG com.intuit.karate - response time in milliseconds: 691
1 < 200
1 < Date: Wed, 21 Aug 2024 12:32:48 GMT
1 < Content-Type: application/json; charset=utf-8
1 < Transfer-Encoding: chunked
1 < Connection: keep-alive
1 < Report-To: {"group":"heroku-nel","max_age":3600,"endpoints":[{"url":"https://nel.heroku.com/reports?ts=1713267004&sid=e11707d5-02a7-43ef-b45e-2cf4d2036f7d&s=eX6AN%2Byt64CtCiweb6pYA%2BEmyh%2Bi7dxe%2BVh0d8YMSvQ%3D"}]}
1 < Reporting-Endpoints: heroku-nel=https://nel.heroku.com/reports?ts=1713267004&sid=e11707d5-02a7-43ef-b45e-2cf4d2036f7d&s=eX6AN%2Byt64CtCiweb6pYA%2BEmyh%2Bi7dxe%2BVh0d8YMSvQ%3D
1 < Nel: {"report_to":"heroku-nel","max_age":3600,"success_fraction":0.005,"failure_fraction":0.05,"response_headers":["Via"]}
1 < X-Powered-By: Express
1 < X-Ratelimit-Limit: 1000
1 < X-Ratelimit-Remaining: 999
1 < X-Ratelimit-Reset: 1713267052
1 < Vary: Origin, Accept-Encoding
1 < Access-Control-Allow-Credentials: true
1 < Cache-Control: max-age=43200
1 < Pragma: no-cache
1 < Expires: -1
1 < X-Content-Type-Options: nosniff
1 < Etag: W/"160d-1eMSsxeJRfnVLRBmYJSbCiJZ1qQ"
1 < Via: 1.1 vegur
1 < CF-Cache-Status: HIT
1 < Age: 21088
1 < Server: cloudflare
1 < CF-RAY: 8b6aa5df9ad04ca7-SIN
1 < alt-svc: h3=":443"; ma=86400
[
  {
    "id": 1,
    "name": "Leanne Graham",
    "username": "Bret",
    "email": "Sincere@april.biz",
    "address": {
      "street": "Kulas Light",
      "suite": "Apt. 556",
      "city": "Gwenborough",
      "zipcode": "92998-3874",
      "geo": {
        "lat": "-37.3159",
        "lng": "81.1496"
      }
    },
    "phone": "1-770-736-8031 x56442",
    "website": "hildegard.org",
    "company": {
      "name": "Romaguera-Crona",
      "catchPhrase": "Multi-layered client-server neural-net",
      "bs": "harness real-time e-markets"
    }
  },
  {
    "id": 2,
    "name": "Ervin Howell",
    "username": "Antonette",
    "email": "Shanna@melissa.tv",
    "address": {
      "street": "Victor Plains",
      "suite": "Suite 879",
      "city": "Wisokyburgh",
      "zipcode": "90566-7771",
      "geo": {
        "lat": "-43.9509",
        "lng": "-34.4618"
      }
    },
    "phone": "010-692-6593 x09125",
    "website": "anastasia.net",
    "company": {
      "name": "Deckow-Crist",
      "catchPhrase": "Proactive didactic contingency",
      "bs": "synergize scalable supply-chains"
    }
  },
  {
    "id": 3,
    "name": "Clementine Bauch",
    "username": "Samantha",
    "email": "Nathan@yesenia.net",
    "address": {
      "street": "Douglas Extension",
      "suite": "Suite 847",
      "city": "McKenziehaven",
      "zipcode": "59590-4157",
      "geo": {
        "lat": "-68.6102",
        "lng": "-47.0653"
      }
    },
    "phone": "1-463-123-4447",
    "website": "ramiro.info",
    "company": {
      "name": "Romaguera-Jacobson",
      "catchPhrase": "Face to face bifurcated interface",
      "bs": "e-enable strategic applications"
    }
  },
  {
    "id": 4,
    "name": "Patricia Lebsack",
    "username": "Karianne",
    "email": "Julianne.OConner@kory.org",
    "address": {
      "street": "Hoeger Mall",
      "suite": "Apt. 692",
      "city": "South Elvis",
      "zipcode": "53919-4257",
      "geo": {
        "lat": "29.4572",
        "lng": "-164.2990"
      }
    },
    "phone": "493-170-9623 x156",
    "website": "kale.biz",
    "company": {
      "name": "Robel-Corkery",
      "catchPhrase": "Multi-tiered zero tolerance productivity",
      "bs": "transition cutting-edge web services"
    }
  },
  {
    "id": 5,
    "name": "Chelsey Dietrich",
    "username": "Kamren",
    "email": "Lucio_Hettinger@annie.ca",
    "address": {
      "street": "Skiles Walks",
      "suite": "Suite 351",
      "city": "Roscoeview",
      "zipcode": "33263",
      "geo": {
        "lat": "-31.8129",
        "lng": "62.5342"
      }
    },
    "phone": "(254)954-1289",
    "website": "demarco.info",
    "company": {
      "name": "Keebler LLC",
      "catchPhrase": "User-centric fault-tolerant solution",
      "bs": "revolutionize end-to-end systems"
    }
  },
  {
    "id": 6,
    "name": "Mrs. Dennis Schulist",
    "username": "Leopoldo_Corkery",
    "email": "Karley_Dach@jasper.info",
    "address": {
      "street": "Norberto Crossing",
      "suite": "Apt. 950",
      "city": "South Christy",
      "zipcode": "23505-1337",
      "geo": {
        "lat": "-71.4197",
        "lng": "71.7478"
      }
    },
    "phone": "1-477-935-8478 x6430",
    "website": "ola.org",
    "company": {
      "name": "Considine-Lockman",
      "catchPhrase": "Synchronised bottom-line interface",
      "bs": "e-enable innovative applications"
    }
  },
  {
    "id": 7,
    "name": "Kurtis Weissnat",
    "username": "Elwyn.Skiles",
    "email": "Telly.Hoeger@billy.biz",
    "address": {
      "street": "Rex Trail",
      "suite": "Suite 280",
      "city": "Howemouth",
      "zipcode": "58804-1099",
      "geo": {
        "lat": "24.8918",
        "lng": "21.8984"
      }
    },
    "phone": "210.067.6132",
    "website": "elvis.io",
    "company": {
      "name": "Johns Group",
      "catchPhrase": "Configurable multimedia task-force",
      "bs": "generate enterprise e-tailers"
    }
  },
  {
    "id": 8,
    "name": "Nicholas Runolfsdottir V",
    "username": "Maxime_Nienow",
    "email": "Sherwood@rosamond.me",
    "address": {
      "street": "Ellsworth Summit",
      "suite": "Suite 729",
      "city": "Aliyaview",
      "zipcode": "45169",
      "geo": {
        "lat": "-14.3990",
        "lng": "-120.7677"
      }
    },
    "phone": "586.493.6943 x140",
    "website": "jacynthe.com",
    "company": {
      "name": "Abernathy Group",
      "catchPhrase": "Implemented secondary concept",
      "bs": "e-enable extensible e-tailers"
    }
  },
  {
    "id": 9,
    "name": "Glenna Reichert",
    "username": "Delphine",
    "email": "Chaim_McDermott@dana.io",
    "address": {
      "street": "Dayna Park",
      "suite": "Suite 449",
      "city": "Bartholomebury",
      "zipcode": "76495-3109",
      "geo": {
        "lat": "24.6463",
        "lng": "-168.8889"
      }
    },
    "phone": "(775)976-6794 x41206",
    "website": "conrad.com",
    "company": {
      "name": "Yost and Sons",
      "catchPhrase": "Switchable contextually-based project",
      "bs": "aggregate real-time technologies"
    }
  },
  {
    "id": 10,
    "name": "Clementina DuBuque",
    "username": "Moriah.Stanton",
    "email": "Rey.Padberg@karina.biz",
    "address": {
      "street": "Kattie Turnpike",
      "suite": "Suite 198",
      "city": "Lebsackbury",
      "zipcode": "31428-2261",
      "geo": {
        "lat": "-38.2386",
        "lng": "57.2232"
      }
    },
    "phone": "024-648-3804",
    "website": "ambrose.net",
    "company": {
      "name": "Hoeger LLC",
      "catchPhrase": "Centralized empowering task-force",
      "bs": "target end-to-end models"
    }
  }
]

19:32:48.413 [pool-2-thread-2] DEBUG com.intuit.karate - request:
2 > GET https://jsonplaceholder.typicode.com/users/1
2 > Host: jsonplaceholder.typicode.com
2 > Connection: Keep-Alive
2 > User-Agent: Apache-HttpClient/4.5.14 (Java/22.0.1)
2 > Accept-Encoding: gzip,deflate


19:32:48.540 [pool-2-thread-2] DEBUG com.intuit.karate - response time in milliseconds: 125
2 < 200
2 < Date: Wed, 21 Aug 2024 12:32:48 GMT
2 < Content-Type: application/json; charset=utf-8
2 < Transfer-Encoding: chunked
2 < Connection: keep-alive
2 < Report-To: {"group":"heroku-nel","max_age":3600,"endpoints":[{"url":"https://nel.heroku.com/reports?ts=1717479428&sid=e11707d5-02a7-43ef-b45e-2cf4d2036f7d&s=WzQoNJgnrjy15gxr0Qh0N1rEb1gnANWCbsy0ZgaaMM0%3D"}]}
2 < Reporting-Endpoints: heroku-nel=https://nel.heroku.com/reports?ts=1717479428&sid=e11707d5-02a7-43ef-b45e-2cf4d2036f7d&s=WzQoNJgnrjy15gxr0Qh0N1rEb1gnANWCbsy0ZgaaMM0%3D
2 < Nel: {"report_to":"heroku-nel","max_age":3600,"success_fraction":0.005,"failure_fraction":0.05,"response_headers":["Via"]}
2 < X-Powered-By: Express
2 < X-Ratelimit-Limit: 1000
2 < X-Ratelimit-Remaining: 999
2 < X-Ratelimit-Reset: 1717479444
2 < Vary: Origin, Accept-Encoding
2 < Access-Control-Allow-Credentials: true
2 < Cache-Control: max-age=43200
2 < Pragma: no-cache
2 < Expires: -1
2 < X-Content-Type-Options: nosniff
2 < Etag: W/"1fd-+2Y3G3w049iSZtw5t1mzSnunngE"
2 < Via: 1.1 vegur
2 < CF-Cache-Status: HIT
2 < Age: 17753
2 < Server: cloudflare
2 < CF-RAY: 8b6aa5e0dbc63da5-SIN
2 < alt-svc: h3=":443"; ma=86400
{
  "id": 1,
  "name": "Leanne Graham",
  "username": "Bret",
  "email": "Sincere@april.biz",
  "address": {
    "street": "Kulas Light",
    "suite": "Apt. 556",
    "city": "Gwenborough",
    "zipcode": "92998-3874",
    "geo": {
      "lat": "-37.3159",
      "lng": "81.1496"
    }
  },
  "phone": "1-770-736-8031 x56442",
  "website": "hildegard.org",
  "company": {
    "name": "Romaguera-Crona",
    "catchPhrase": "Multi-layered client-server neural-net",
    "bs": "harness real-time e-markets"
  }
}

19:32:48.934 [pool-2-thread-1] DEBUG com.intuit.karate - response time in milliseconds: 1265
1 < 201
1 < Date: Wed, 21 Aug 2024 12:32:49 GMT
1 < Content-Type: application/json; charset=utf-8
1 < Content-Length: 109
1 < Connection: keep-alive
1 < Cache-Control: max-age=0, private, must-revalidate
1 < etag: W/"fcab9ea5965ee41e456d3c959281bea6"
1 < location: https://gorest.co.in/public/v2/users/7356149
1 < referrer-policy: strict-origin-when-cross-origin
1 < vary: Origin
1 < x-content-type-options: nosniff
1 < x-download-options: noopen
1 < x-frame-options: SAMEORIGIN
1 < x-permitted-cross-domain-policies: none
1 < x-ratelimit-limit: 90
1 < x-ratelimit-remaining: 88
1 < x-ratelimit-reset: 1
1 < x-request-id: 4ab34553-06a0-41b4-94f4-22b143965980
1 < x-runtime: 0.349465
1 < x-xss-protection: 0
1 < CF-Cache-Status: DYNAMIC
1 < Report-To: {"endpoints":[{"url":"https:\/\/a.nel.cloudflare.com\/report\/v4?s=JulGIg0BaokSTJAwKFZNwnXIMf4xdB2LGJbFq0r2qgenzZraYVTKcWAWiJRl4UyjJLmCdJDD8huLI10vXeTTg1DeAxxpbCCAO409pNRi5qd58xBcsKsxGPFx511z7n8%3D"}],"group":"cf-nel","max_age":604800}
1 < NEL: {"success_fraction":0,"report_to":"cf-nel","max_age":604800}
1 < Server: cloudflare
1 < CF-RAY: 8b6aa5df7d7f4038-SIN
1 < alt-svc: h3=":443"; ma=86400
{"id":7356149,"name":"Tenali Ramakrishna","email":"tenali.test13@15ce.com","gender":"male","status":"active"}

19:32:49.002 [pool-2-thread-1] DEBUG com.intuit.karate - request:
2 > GET https://gorest.co.in/public/v2/users/7356149
2 > Authorization: Bearer 745c09bfae4b59be277127c6293025735cf3aba5e2870fcdbef4bfd3b8fb9a4a
2 > Host: gorest.co.in
2 > Connection: Keep-Alive
2 > User-Agent: Apache-HttpClient/4.5.14 (Java/22.0.1)
2 > Accept-Encoding: gzip,deflate


19:32:49.156 [pool-2-thread-3] DEBUG com.intuit.karate - response time in milliseconds: 1489
1 < 201
1 < Date: Wed, 21 Aug 2024 12:32:49 GMT
1 < Content-Type: application/json; charset=utf-8
1 < Content-Length: 216
1 < Connection: keep-alive
1 < Report-To: {"group":"heroku-nel","max_age":3600,"endpoints":[{"url":"https://nel.heroku.com/reports?ts=1724243569&sid=e11707d5-02a7-43ef-b45e-2cf4d2036f7d&s=dmz%2FGlL948Ft4IXUQNS5PSREos3k4qOsPinK6%2F7VmB8%3D"}]}
1 < Reporting-Endpoints: heroku-nel=https://nel.heroku.com/reports?ts=1724243569&sid=e11707d5-02a7-43ef-b45e-2cf4d2036f7d&s=dmz%2FGlL948Ft4IXUQNS5PSREos3k4qOsPinK6%2F7VmB8%3D
1 < Nel: {"report_to":"heroku-nel","max_age":3600,"success_fraction":0.005,"failure_fraction":0.05,"response_headers":["Via"]}
1 < X-Powered-By: Express
1 < X-Ratelimit-Limit: 1000
1 < X-Ratelimit-Remaining: 999
1 < X-Ratelimit-Reset: 1724243597
1 < Vary: Origin, X-HTTP-Method-Override, Accept-Encoding
1 < Access-Control-Allow-Credentials: true
1 < Cache-Control: no-cache
1 < Pragma: no-cache
1 < Expires: -1
1 < Access-Control-Expose-Headers: Location
1 < Location: https://jsonplaceholder.typicode.com/users/11
1 < X-Content-Type-Options: nosniff
1 < Etag: W/"d8-pYV7+YuMGP2hxHPU9ARrf97ifDA"
1 < Via: 1.1 vegur
1 < CF-Cache-Status: DYNAMIC
1 < Server: cloudflare
1 < CF-RAY: 8b6aa5dfbb1f44a3-SIN
1 < alt-svc: h3=":443"; ma=86400
{
  "name": "Test User",
  "username": "testuser",
  "email": "test@user.com",
  "address": {
    "street": "Has No Name",
    "suite": "Apt. 123",
    "city": "Electri",
    "zipcode": "54321-6789"
  },
  "id": 11
}

19:32:49.165 [pool-2-thread-3] INFO  com.intuit.karate - [print] created id is:  11 
19:32:49.800 [pool-2-thread-1] DEBUG com.intuit.karate - response time in milliseconds: 796
2 < 200
2 < Date: Wed, 21 Aug 2024 12:32:50 GMT
2 < Content-Type: application/json; charset=utf-8
2 < Transfer-Encoding: chunked
2 < Connection: keep-alive
2 < Cache-Control: max-age=0, private, must-revalidate
2 < etag: W/"fcab9ea5965ee41e456d3c959281bea6"
2 < referrer-policy: strict-origin-when-cross-origin
2 < vary: Origin
2 < x-content-type-options: nosniff
2 < x-download-options: noopen
2 < x-frame-options: SAMEORIGIN
2 < x-permitted-cross-domain-policies: none
2 < x-ratelimit-limit: 90
2 < x-ratelimit-remaining: 89
2 < x-ratelimit-reset: 1
2 < x-request-id: b39be123-1e0e-451f-b244-8988546fef32
2 < x-runtime: 0.445285
2 < x-xss-protection: 0
2 < CF-Cache-Status: DYNAMIC
2 < Report-To: {"endpoints":[{"url":"https:\/\/a.nel.cloudflare.com\/report\/v4?s=YETugHa1jRCkP812k8aBmAB5%2FAyX6NP%2Bub6JEk5Mcv62H5Ja4pCG6L1EP4fcjuWevvDzfzmcybby3Hy2gJmb%2FDax%2FLJa102Ax96J9hbOQDjVDxo3s%2BIlgAnODMdguHk%3D"}],"group":"cf-nel","max_age":604800}
2 < NEL: {"success_fraction":0,"report_to":"cf-nel","max_age":604800}
2 < Server: cloudflare
2 < CF-RAY: 8b6aa5e44ef9cdd5-SIN
2 < alt-svc: h3=":443"; ma=86400
{"id":7356149,"name":"Tenali Ramakrishna","email":"tenali.test13@15ce.com","gender":"male","status":"active"}

19:32:49.826 [pool-2-thread-1] DEBUG com.intuit.karate - request:
3 > PATCH https://gorest.co.in/public/v2/users/7356149
3 > Authorization: Bearer 745c09bfae4b59be277127c6293025735cf3aba5e2870fcdbef4bfd3b8fb9a4a
3 > Content-Type: application/json; charset=UTF-8
3 > Content-Length: 110
3 > Host: gorest.co.in
3 > Connection: Keep-Alive
3 > User-Agent: Apache-HttpClient/4.5.14 (Java/22.0.1)
3 > Accept-Encoding: gzip,deflate
{"name":"Update Tenali Ramakrishna","gender":"female","email":"tenali.test-update@15ce.com","status":"active"}

19:32:50.823 [pool-2-thread-1] DEBUG com.intuit.karate - response time in milliseconds: 988
3 < 200
3 < Date: Wed, 21 Aug 2024 12:32:51 GMT
3 < Content-Type: application/json; charset=utf-8
3 < Transfer-Encoding: chunked
3 < Connection: keep-alive
3 < Cache-Control: max-age=0, private, must-revalidate
3 < etag: W/"6b47425942a79cb5215037e45c20a9b8"
3 < referrer-policy: strict-origin-when-cross-origin
3 < vary: Origin
3 < x-content-type-options: nosniff
3 < x-download-options: noopen
3 < x-frame-options: SAMEORIGIN
3 < x-permitted-cross-domain-policies: none
3 < x-ratelimit-limit: 90
3 < x-ratelimit-remaining: 89
3 < x-ratelimit-reset: 2
3 < x-request-id: bc05f0cf-fae3-45e4-bf77-d116ff0a2505
3 < x-runtime: 0.761416
3 < x-xss-protection: 0
3 < CF-Cache-Status: DYNAMIC
3 < Report-To: {"endpoints":[{"url":"https:\/\/a.nel.cloudflare.com\/report\/v4?s=XHVjgv3%2BOp1t0EOcPcb0jRutlGVzOsM51sLR6H1%2FOEkY95QLxkPv5v7DSdwp%2BZAG9%2FQkzlSfc1w7WaPtxmZ3N0IB9rvIXKyuL9wL2IUScuoLuUeH4ZlX3gZnmOBo8mk%3D"}],"group":"cf-nel","max_age":604800}
3 < NEL: {"success_fraction":0,"report_to":"cf-nel","max_age":604800}
3 < Server: cloudflare
3 < CF-RAY: 8b6aa5e99eb781ec-SIN
3 < alt-svc: h3=":443"; ma=86400
{"email":"tenali.test-update@15ce.com","name":"Update Tenali Ramakrishna","gender":"female","status":"active","id":7356149}

19:32:50.838 [pool-2-thread-1] DEBUG com.intuit.karate - request:
4 > DELETE https://gorest.co.in/public/v2/users/7356149
4 > Authorization: Bearer 745c09bfae4b59be277127c6293025735cf3aba5e2870fcdbef4bfd3b8fb9a4a
4 > Host: gorest.co.in
4 > Connection: Keep-Alive
4 > User-Agent: Apache-HttpClient/4.5.14 (Java/22.0.1)
4 > Accept-Encoding: gzip,deflate


19:32:51.605 [pool-2-thread-1] DEBUG com.intuit.karate - response time in milliseconds: 765
4 < 204
4 < Date: Wed, 21 Aug 2024 12:32:51 GMT
4 < Connection: keep-alive
4 < Cache-Control: no-cache
4 < referrer-policy: strict-origin-when-cross-origin
4 < vary: Origin
4 < x-content-type-options: nosniff
4 < x-download-options: noopen
4 < x-frame-options: SAMEORIGIN
4 < x-permitted-cross-domain-policies: none
4 < x-ratelimit-limit: 90
4 < x-ratelimit-remaining: 88
4 < x-ratelimit-reset: 1
4 < x-request-id: aaa3facb-aa28-4021-aaf1-1cd6c4d8c729
4 < x-runtime: 0.412775
4 < x-xss-protection: 0
4 < CF-Cache-Status: DYNAMIC
4 < Report-To: {"endpoints":[{"url":"https:\/\/a.nel.cloudflare.com\/report\/v4?s=KaM3GJ3LAfjhp0KtFJggM9qQPOpJEABwvljGjr0b%2B7AZ267gtD8zjqYV34SSIAouI8JY9zQYOqlc9o0OSK5Dv2x03MfGcWX%2B1NfFANgxSANolSc0OTwbFFf5tE%2F%2BTSE%3D"}],"group":"cf-nel","max_age":604800}
4 < NEL: {"success_fraction":0,"report_to":"cf-nel","max_age":604800}
4 < Server: cloudflare
4 < CF-RAY: 8b6aa5efdb6b9e3e-SIN
4 < alt-svc: h3=":443"; ma=86400


19:32:52.756 [pool-3-thread-1] INFO  com.intuit.karate.Suite - <<pass>> feature 1 of 2 (1 remaining) classpath:examples/users/test.feature
19:32:52.956 [pool-3-thread-1] INFO  com.intuit.karate.Suite - <<pass>> feature 2 of 2 (0 remaining) classpath:examples/users/users.feature
19:36:03.261 [main] DEBUG com.intuit.karate.Suite - [config] classpath:karate-config.js
19:36:03.270 [main] INFO  com.intuit.karate.Suite - backed up existing 'target\karate-reports' dir to: target\karate-reports_1724243763266
19:36:03.280 [main] DEBUG com.intuit.karate.Suite - waiting for 2 features to complete
19:36:04.895 [pool-2-thread-3] INFO  com.intuit.karate - karate.env system property was: null 
19:36:04.895 [pool-2-thread-2] INFO  com.intuit.karate - karate.env system property was: null 
19:36:04.895 [pool-2-thread-1] INFO  com.intuit.karate - karate.env system property was: null 
19:36:05.446 [pool-2-thread-2] DEBUG com.intuit.karate - request:
1 > GET https://jsonplaceholder.typicode.com/users
1 > Host: jsonplaceholder.typicode.com
1 > Connection: Keep-Alive
1 > User-Agent: Apache-HttpClient/4.5.14 (Java/22.0.1)
1 > Accept-Encoding: gzip,deflate


19:36:05.446 [pool-2-thread-1] DEBUG com.intuit.karate - request:
1 > POST https://gorest.co.in/public/v2/users
1 > Authorization: Bearer 745c09bfae4b59be277127c6293025735cf3aba5e2870fcdbef4bfd3b8fb9a4a
1 > Content-Type: application/json; charset=UTF-8
1 > Content-Length: 96
1 > Host: gorest.co.in
1 > Connection: Keep-Alive
1 > User-Agent: Apache-HttpClient/4.5.14 (Java/22.0.1)
1 > Accept-Encoding: gzip,deflate
{"name":"Tenali Ramakrishna","gender":"male","email":"tenali.test13@15ce.com","status":"active"}

19:36:05.446 [pool-2-thread-3] DEBUG com.intuit.karate - request:
1 > POST https://jsonplaceholder.typicode.com/users
1 > Content-Type: application/json; charset=UTF-8
1 > Content-Length: 160
1 > Host: jsonplaceholder.typicode.com
1 > Connection: Keep-Alive
1 > User-Agent: Apache-HttpClient/4.5.14 (Java/22.0.1)
1 > Accept-Encoding: gzip,deflate
{"name":"Test User","username":"testuser","email":"test@user.com","address":{"street":"Has No Name","suite":"Apt. 123","city":"Electri","zipcode":"54321-6789"}}

19:36:06.111 [pool-2-thread-2] DEBUG com.intuit.karate - response time in milliseconds: 655
1 < 200
1 < Date: Wed, 21 Aug 2024 12:36:06 GMT
1 < Content-Type: application/json; charset=utf-8
1 < Transfer-Encoding: chunked
1 < Connection: keep-alive
1 < Report-To: {"group":"heroku-nel","max_age":3600,"endpoints":[{"url":"https://nel.heroku.com/reports?ts=1713640765&sid=e11707d5-02a7-43ef-b45e-2cf4d2036f7d&s=HXNb6iwbrofH%2Fy2C8GCXPbXbBm8dkdURPI%2F0f%2FhPyzc%3D"}]}
1 < Reporting-Endpoints: heroku-nel=https://nel.heroku.com/reports?ts=1713640765&sid=e11707d5-02a7-43ef-b45e-2cf4d2036f7d&s=HXNb6iwbrofH%2Fy2C8GCXPbXbBm8dkdURPI%2F0f%2FhPyzc%3D
1 < Nel: {"report_to":"heroku-nel","max_age":3600,"success_fraction":0.005,"failure_fraction":0.05,"response_headers":["Via"]}
1 < X-Powered-By: Express
1 < X-Ratelimit-Limit: 1000
1 < X-Ratelimit-Remaining: 999
1 < X-Ratelimit-Reset: 1713640791
1 < Vary: Origin, Accept-Encoding
1 < Access-Control-Allow-Credentials: true
1 < Cache-Control: max-age=43200
1 < Pragma: no-cache
1 < Expires: -1
1 < X-Content-Type-Options: nosniff
1 < Etag: W/"160d-1eMSsxeJRfnVLRBmYJSbCiJZ1qQ"
1 < Via: 1.1 vegur
1 < CF-Cache-Status: HIT
1 < Age: 26568
1 < Server: cloudflare
1 < CF-RAY: 8b6aaab38dca4745-SIN
1 < alt-svc: h3=":443"; ma=86400
[
  {
    "id": 1,
    "name": "Leanne Graham",
    "username": "Bret",
    "email": "Sincere@april.biz",
    "address": {
      "street": "Kulas Light",
      "suite": "Apt. 556",
      "city": "Gwenborough",
      "zipcode": "92998-3874",
      "geo": {
        "lat": "-37.3159",
        "lng": "81.1496"
      }
    },
    "phone": "1-770-736-8031 x56442",
    "website": "hildegard.org",
    "company": {
      "name": "Romaguera-Crona",
      "catchPhrase": "Multi-layered client-server neural-net",
      "bs": "harness real-time e-markets"
    }
  },
  {
    "id": 2,
    "name": "Ervin Howell",
    "username": "Antonette",
    "email": "Shanna@melissa.tv",
    "address": {
      "street": "Victor Plains",
      "suite": "Suite 879",
      "city": "Wisokyburgh",
      "zipcode": "90566-7771",
      "geo": {
        "lat": "-43.9509",
        "lng": "-34.4618"
      }
    },
    "phone": "010-692-6593 x09125",
    "website": "anastasia.net",
    "company": {
      "name": "Deckow-Crist",
      "catchPhrase": "Proactive didactic contingency",
      "bs": "synergize scalable supply-chains"
    }
  },
  {
    "id": 3,
    "name": "Clementine Bauch",
    "username": "Samantha",
    "email": "Nathan@yesenia.net",
    "address": {
      "street": "Douglas Extension",
      "suite": "Suite 847",
      "city": "McKenziehaven",
      "zipcode": "59590-4157",
      "geo": {
        "lat": "-68.6102",
        "lng": "-47.0653"
      }
    },
    "phone": "1-463-123-4447",
    "website": "ramiro.info",
    "company": {
      "name": "Romaguera-Jacobson",
      "catchPhrase": "Face to face bifurcated interface",
      "bs": "e-enable strategic applications"
    }
  },
  {
    "id": 4,
    "name": "Patricia Lebsack",
    "username": "Karianne",
    "email": "Julianne.OConner@kory.org",
    "address": {
      "street": "Hoeger Mall",
      "suite": "Apt. 692",
      "city": "South Elvis",
      "zipcode": "53919-4257",
      "geo": {
        "lat": "29.4572",
        "lng": "-164.2990"
      }
    },
    "phone": "493-170-9623 x156",
    "website": "kale.biz",
    "company": {
      "name": "Robel-Corkery",
      "catchPhrase": "Multi-tiered zero tolerance productivity",
      "bs": "transition cutting-edge web services"
    }
  },
  {
    "id": 5,
    "name": "Chelsey Dietrich",
    "username": "Kamren",
    "email": "Lucio_Hettinger@annie.ca",
    "address": {
      "street": "Skiles Walks",
      "suite": "Suite 351",
      "city": "Roscoeview",
      "zipcode": "33263",
      "geo": {
        "lat": "-31.8129",
        "lng": "62.5342"
      }
    },
    "phone": "(254)954-1289",
    "website": "demarco.info",
    "company": {
      "name": "Keebler LLC",
      "catchPhrase": "User-centric fault-tolerant solution",
      "bs": "revolutionize end-to-end systems"
    }
  },
  {
    "id": 6,
    "name": "Mrs. Dennis Schulist",
    "username": "Leopoldo_Corkery",
    "email": "Karley_Dach@jasper.info",
    "address": {
      "street": "Norberto Crossing",
      "suite": "Apt. 950",
      "city": "South Christy",
      "zipcode": "23505-1337",
      "geo": {
        "lat": "-71.4197",
        "lng": "71.7478"
      }
    },
    "phone": "1-477-935-8478 x6430",
    "website": "ola.org",
    "company": {
      "name": "Considine-Lockman",
      "catchPhrase": "Synchronised bottom-line interface",
      "bs": "e-enable innovative applications"
    }
  },
  {
    "id": 7,
    "name": "Kurtis Weissnat",
    "username": "Elwyn.Skiles",
    "email": "Telly.Hoeger@billy.biz",
    "address": {
      "street": "Rex Trail",
      "suite": "Suite 280",
      "city": "Howemouth",
      "zipcode": "58804-1099",
      "geo": {
        "lat": "24.8918",
        "lng": "21.8984"
      }
    },
    "phone": "210.067.6132",
    "website": "elvis.io",
    "company": {
      "name": "Johns Group",
      "catchPhrase": "Configurable multimedia task-force",
      "bs": "generate enterprise e-tailers"
    }
  },
  {
    "id": 8,
    "name": "Nicholas Runolfsdottir V",
    "username": "Maxime_Nienow",
    "email": "Sherwood@rosamond.me",
    "address": {
      "street": "Ellsworth Summit",
      "suite": "Suite 729",
      "city": "Aliyaview",
      "zipcode": "45169",
      "geo": {
        "lat": "-14.3990",
        "lng": "-120.7677"
      }
    },
    "phone": "586.493.6943 x140",
    "website": "jacynthe.com",
    "company": {
      "name": "Abernathy Group",
      "catchPhrase": "Implemented secondary concept",
      "bs": "e-enable extensible e-tailers"
    }
  },
  {
    "id": 9,
    "name": "Glenna Reichert",
    "username": "Delphine",
    "email": "Chaim_McDermott@dana.io",
    "address": {
      "street": "Dayna Park",
      "suite": "Suite 449",
      "city": "Bartholomebury",
      "zipcode": "76495-3109",
      "geo": {
        "lat": "24.6463",
        "lng": "-168.8889"
      }
    },
    "phone": "(775)976-6794 x41206",
    "website": "conrad.com",
    "company": {
      "name": "Yost and Sons",
      "catchPhrase": "Switchable contextually-based project",
      "bs": "aggregate real-time technologies"
    }
  },
  {
    "id": 10,
    "name": "Clementina DuBuque",
    "username": "Moriah.Stanton",
    "email": "Rey.Padberg@karina.biz",
    "address": {
      "street": "Kattie Turnpike",
      "suite": "Suite 198",
      "city": "Lebsackbury",
      "zipcode": "31428-2261",
      "geo": {
        "lat": "-38.2386",
        "lng": "57.2232"
      }
    },
    "phone": "024-648-3804",
    "website": "ambrose.net",
    "company": {
      "name": "Hoeger LLC",
      "catchPhrase": "Centralized empowering task-force",
      "bs": "target end-to-end models"
    }
  }
]

19:36:06.175 [pool-2-thread-2] DEBUG com.intuit.karate - request:
2 > GET https://jsonplaceholder.typicode.com/users/1
2 > Host: jsonplaceholder.typicode.com
2 > Connection: Keep-Alive
2 > User-Agent: Apache-HttpClient/4.5.14 (Java/22.0.1)
2 > Accept-Encoding: gzip,deflate


19:36:06.296 [pool-2-thread-2] DEBUG com.intuit.karate - response time in milliseconds: 120
2 < 200
2 < Date: Wed, 21 Aug 2024 12:36:06 GMT
2 < Content-Type: application/json; charset=utf-8
2 < Transfer-Encoding: chunked
2 < Connection: keep-alive
2 < Report-To: {"group":"heroku-nel","max_age":3600,"endpoints":[{"url":"https://nel.heroku.com/reports?ts=1717479428&sid=e11707d5-02a7-43ef-b45e-2cf4d2036f7d&s=WzQoNJgnrjy15gxr0Qh0N1rEb1gnANWCbsy0ZgaaMM0%3D"}]}
2 < Reporting-Endpoints: heroku-nel=https://nel.heroku.com/reports?ts=1717479428&sid=e11707d5-02a7-43ef-b45e-2cf4d2036f7d&s=WzQoNJgnrjy15gxr0Qh0N1rEb1gnANWCbsy0ZgaaMM0%3D
2 < Nel: {"report_to":"heroku-nel","max_age":3600,"success_fraction":0.005,"failure_fraction":0.05,"response_headers":["Via"]}
2 < X-Powered-By: Express
2 < X-Ratelimit-Limit: 1000
2 < X-Ratelimit-Remaining: 999
2 < X-Ratelimit-Reset: 1717479444
2 < Vary: Origin, Accept-Encoding
2 < Access-Control-Allow-Credentials: true
2 < Cache-Control: max-age=43200
2 < Pragma: no-cache
2 < Expires: -1
2 < X-Content-Type-Options: nosniff
2 < Etag: W/"1fd-+2Y3G3w049iSZtw5t1mzSnunngE"
2 < Via: 1.1 vegur
2 < CF-Cache-Status: HIT
2 < Age: 17951
2 < Server: cloudflare
2 < CF-RAY: 8b6aaab4dcfb3e12-SIN
2 < alt-svc: h3=":443"; ma=86400
{
  "id": 1,
  "name": "Leanne Graham",
  "username": "Bret",
  "email": "Sincere@april.biz",
  "address": {
    "street": "Kulas Light",
    "suite": "Apt. 556",
    "city": "Gwenborough",
    "zipcode": "92998-3874",
    "geo": {
      "lat": "-37.3159",
      "lng": "81.1496"
    }
  },
  "phone": "1-770-736-8031 x56442",
  "website": "hildegard.org",
  "company": {
    "name": "Romaguera-Crona",
    "catchPhrase": "Multi-layered client-server neural-net",
    "bs": "harness real-time e-markets"
  }
}

19:36:06.362 [pool-2-thread-3] DEBUG com.intuit.karate - response time in milliseconds: 914
1 < 201
1 < Date: Wed, 21 Aug 2024 12:36:06 GMT
1 < Content-Type: application/json; charset=utf-8
1 < Content-Length: 216
1 < Connection: keep-alive
1 < Report-To: {"group":"heroku-nel","max_age":3600,"endpoints":[{"url":"https://nel.heroku.com/reports?ts=1724243766&sid=e11707d5-02a7-43ef-b45e-2cf4d2036f7d&s=wAtUf%2B8F9XRji8SNds1Bl5MqFykw1ryMU%2F8jc8LO%2F9g%3D"}]}
1 < Reporting-Endpoints: heroku-nel=https://nel.heroku.com/reports?ts=1724243766&sid=e11707d5-02a7-43ef-b45e-2cf4d2036f7d&s=wAtUf%2B8F9XRji8SNds1Bl5MqFykw1ryMU%2F8jc8LO%2F9g%3D
1 < Nel: {"report_to":"heroku-nel","max_age":3600,"success_fraction":0.005,"failure_fraction":0.05,"response_headers":["Via"]}
1 < X-Powered-By: Express
1 < X-Ratelimit-Limit: 1000
1 < X-Ratelimit-Remaining: 999
1 < X-Ratelimit-Reset: 1724243777
1 < Vary: Origin, X-HTTP-Method-Override, Accept-Encoding
1 < Access-Control-Allow-Credentials: true
1 < Cache-Control: no-cache
1 < Pragma: no-cache
1 < Expires: -1
1 < Access-Control-Expose-Headers: Location
1 < Location: https://jsonplaceholder.typicode.com/users/11
1 < X-Content-Type-Options: nosniff
1 < Etag: W/"d8-pYV7+YuMGP2hxHPU9ARrf97ifDA"
1 < Via: 1.1 vegur
1 < CF-Cache-Status: DYNAMIC
1 < Server: cloudflare
1 < CF-RAY: 8b6aaab38ba68217-SIN
1 < alt-svc: h3=":443"; ma=86400
{
  "name": "Test User",
  "username": "testuser",
  "email": "test@user.com",
  "address": {
    "street": "Has No Name",
    "suite": "Apt. 123",
    "city": "Electri",
    "zipcode": "54321-6789"
  },
  "id": 11
}

19:36:06.411 [pool-2-thread-3] INFO  com.intuit.karate - [print] created id is:  11 
19:36:06.613 [pool-2-thread-1] DEBUG com.intuit.karate - response time in milliseconds: 1165
1 < 201
1 < Date: Wed, 21 Aug 2024 12:36:06 GMT
1 < Content-Type: application/json; charset=utf-8
1 < Content-Length: 109
1 < Connection: keep-alive
1 < Cache-Control: max-age=0, private, must-revalidate
1 < etag: W/"9d4098a86bce8d04e2ff4086cef3035f"
1 < location: https://gorest.co.in/public/v2/users/7356152
1 < referrer-policy: strict-origin-when-cross-origin
1 < vary: Origin
1 < x-content-type-options: nosniff
1 < x-download-options: noopen
1 < x-frame-options: SAMEORIGIN
1 < x-permitted-cross-domain-policies: none
1 < x-ratelimit-limit: 90
1 < x-ratelimit-remaining: 89
1 < x-ratelimit-reset: 1
1 < x-request-id: 312f6007-f974-4e95-90fe-f8068271b53d
1 < x-runtime: 0.271602
1 < x-xss-protection: 0
1 < CF-Cache-Status: DYNAMIC
1 < Report-To: {"endpoints":[{"url":"https:\/\/a.nel.cloudflare.com\/report\/v4?s=RA9NIa1VfgU1RUD7%2BZ7YjLQ0VXpqBpz1tGVhD3yB11bJTbhoM3apcci2fx8HWoqTc5476H5WOhgJPivF%2BrUhy%2FbQSntsmqG%2F%2B8z0MT4WUzyD9fB30gcXmRdYF%2B%2F%2Bioo%3D"}],"group":"cf-nel","max_age":604800}
1 < NEL: {"success_fraction":0,"report_to":"cf-nel","max_age":604800}
1 < Server: cloudflare
1 < CF-RAY: 8b6aaab38f427981-SIN
1 < alt-svc: h3=":443"; ma=86400
{"id":7356152,"name":"Tenali Ramakrishna","email":"tenali.test13@15ce.com","gender":"male","status":"active"}

19:36:06.719 [pool-2-thread-1] DEBUG com.intuit.karate - request:
2 > GET https://gorest.co.in/public/v2/users/7356152
2 > Authorization: Bearer 745c09bfae4b59be277127c6293025735cf3aba5e2870fcdbef4bfd3b8fb9a4a
2 > Host: gorest.co.in
2 > Connection: Keep-Alive
2 > User-Agent: Apache-HttpClient/4.5.14 (Java/22.0.1)
2 > Accept-Encoding: gzip,deflate


19:36:07.313 [pool-2-thread-1] DEBUG com.intuit.karate - response time in milliseconds: 593
2 < 200
2 < Date: Wed, 21 Aug 2024 12:36:07 GMT
2 < Content-Type: application/json; charset=utf-8
2 < Transfer-Encoding: chunked
2 < Connection: keep-alive
2 < Cache-Control: max-age=0, private, must-revalidate
2 < etag: W/"9d4098a86bce8d04e2ff4086cef3035f"
2 < referrer-policy: strict-origin-when-cross-origin
2 < vary: Origin
2 < x-content-type-options: nosniff
2 < x-download-options: noopen
2 < x-frame-options: SAMEORIGIN
2 < x-permitted-cross-domain-policies: none
2 < x-ratelimit-limit: 90
2 < x-ratelimit-remaining: 89
2 < x-ratelimit-reset: 1
2 < x-request-id: 7e25d332-cb07-4f84-93bc-3fffe9af7aff
2 < x-runtime: 0.132047
2 < x-xss-protection: 0
2 < CF-Cache-Status: DYNAMIC
2 < Report-To: {"endpoints":[{"url":"https:\/\/a.nel.cloudflare.com\/report\/v4?s=v9ppz3ut0jdf%2B5vP18%2FGuoEYyU9oRuG0LYdNn3IpI335wXPgYJ%2BT54QFeYUbrAO5UZIjMYtb1q8s3V454DYhCoUY3ZvId2JyUG%2B3evtXZ3C4%2FN6yOqdWGbD4xpc%2FWQc%3D"}],"group":"cf-nel","max_age":604800}
2 < NEL: {"success_fraction":0,"report_to":"cf-nel","max_age":604800}
2 < Server: cloudflare
2 < CF-RAY: 8b6aaab8ae824c9b-SIN
2 < alt-svc: h3=":443"; ma=86400
{"id":7356152,"name":"Tenali Ramakrishna","email":"tenali.test13@15ce.com","gender":"male","status":"active"}

19:36:07.328 [pool-2-thread-1] DEBUG com.intuit.karate - request:
3 > PATCH https://gorest.co.in/public/v2/users/7356152
3 > Authorization: Bearer 745c09bfae4b59be277127c6293025735cf3aba5e2870fcdbef4bfd3b8fb9a4a
3 > Content-Type: application/json; charset=UTF-8
3 > Content-Length: 110
3 > Host: gorest.co.in
3 > Connection: Keep-Alive
3 > User-Agent: Apache-HttpClient/4.5.14 (Java/22.0.1)
3 > Accept-Encoding: gzip,deflate
{"name":"Update Tenali Ramakrishna","gender":"female","email":"tenali.test-update@15ce.com","status":"active"}

19:36:07.827 [pool-2-thread-1] DEBUG com.intuit.karate - response time in milliseconds: 498
3 < 200
3 < Date: Wed, 21 Aug 2024 12:36:08 GMT
3 < Content-Type: application/json; charset=utf-8
3 < Transfer-Encoding: chunked
3 < Connection: keep-alive
3 < Cache-Control: max-age=0, private, must-revalidate
3 < etag: W/"cd417ff47ec06c6c77ac6fad60ca4199"
3 < referrer-policy: strict-origin-when-cross-origin
3 < vary: Origin
3 < x-content-type-options: nosniff
3 < x-download-options: noopen
3 < x-frame-options: SAMEORIGIN
3 < x-permitted-cross-domain-policies: none
3 < x-ratelimit-limit: 90
3 < x-ratelimit-remaining: 89
3 < x-ratelimit-reset: 2
3 < x-request-id: 8e274ea7-2b45-4cda-8598-001607e332c4
3 < x-runtime: 0.154401
3 < x-xss-protection: 0
3 < CF-Cache-Status: DYNAMIC
3 < Report-To: {"endpoints":[{"url":"https:\/\/a.nel.cloudflare.com\/report\/v4?s=bfiDo647RHbyrxKUdFoazhsBYpwgkNqvIFd%2F6nfTn1Y%2BveBvrQqICaPcTaFFnmiuWf0v%2F7CSsTicKvi7TvV5m2UY%2BTtQbvUOsQffLh7aZyGg2GLVIh0XuSLR4VzQ%2BGI%3D"}],"group":"cf-nel","max_age":604800}
3 < NEL: {"success_fraction":0,"report_to":"cf-nel","max_age":604800}
3 < Server: cloudflare
3 < CF-RAY: 8b6aaabbe9d444be-SIN
3 < alt-svc: h3=":443"; ma=86400
{"email":"tenali.test-update@15ce.com","name":"Update Tenali Ramakrishna","gender":"female","status":"active","id":7356152}

19:36:07.836 [pool-2-thread-1] DEBUG com.intuit.karate - request:
4 > DELETE https://gorest.co.in/public/v2/users/7356152
4 > Authorization: Bearer 745c09bfae4b59be277127c6293025735cf3aba5e2870fcdbef4bfd3b8fb9a4a
4 > Host: gorest.co.in
4 > Connection: Keep-Alive
4 > User-Agent: Apache-HttpClient/4.5.14 (Java/22.0.1)
4 > Accept-Encoding: gzip,deflate


19:36:08.198 [pool-2-thread-1] DEBUG com.intuit.karate - response time in milliseconds: 352
4 < 204
4 < Date: Wed, 21 Aug 2024 12:36:08 GMT
4 < Connection: keep-alive
4 < Cache-Control: no-cache
4 < referrer-policy: strict-origin-when-cross-origin
4 < vary: Origin
4 < x-content-type-options: nosniff
4 < x-download-options: noopen
4 < x-frame-options: SAMEORIGIN
4 < x-permitted-cross-domain-policies: none
4 < x-ratelimit-limit: 90
4 < x-ratelimit-remaining: 88
4 < x-ratelimit-reset: 2
4 < x-request-id: 43f63cab-52a9-4402-81d5-1aabc0813b64
4 < x-runtime: 0.157138
4 < x-xss-protection: 0
4 < CF-Cache-Status: DYNAMIC
4 < Report-To: {"endpoints":[{"url":"https:\/\/a.nel.cloudflare.com\/report\/v4?s=Wn%2BRs21UdeZDUMIjtCoNCwAw7dUVEosXKH7OpNgixkSeVj%2BQdXQcsSH63aYE5bWtGQsiq0G7zlPOaCyGZscaA1vN8hxG5QgFQNWmDG99wAQjkF6FtCDcCceXxy50H6k%3D"}],"group":"cf-nel","max_age":604800}
4 < NEL: {"success_fraction":0,"report_to":"cf-nel","max_age":604800}
4 < Server: cloudflare
4 < CF-RAY: 8b6aaabf18269ccb-SIN
4 < alt-svc: h3=":443"; ma=86400


19:36:09.977 [pool-3-thread-1] INFO  com.intuit.karate.Suite - <<pass>> feature 1 of 2 (1 remaining) classpath:examples/users/test.feature
19:36:10.195 [pool-3-thread-1] INFO  com.intuit.karate.Suite - <<pass>> feature 2 of 2 (0 remaining) classpath:examples/users/users.feature
